<?xml version="1.0" encoding="UTF-8"?>
<testng-results skipped="0" failed="0" ignored="0" total="1" passed="1">
  <reporter-output>
  </reporter-output>
  <suite name="Suite" duration-ms="51784" started-at="2017-11-05T06:42:57Z" finished-at="2017-11-05T06:43:49Z">
    <groups>
    </groups>
    <test name="Test" duration-ms="51784" started-at="2017-11-05T06:42:57Z" finished-at="2017-11-05T06:43:49Z">
      <class name="test.selenium.Amazontest">
        <test-method status="PASS" signature="f()[pri:0, instance:test.selenium.Amazontest@4b9e13df]" name="f" duration-ms="51661" started-at="2017-11-05T12:12:57Z" finished-at="2017-11-05T12:13:49Z">
          <reporter-output>
          </reporter-output>
        </test-method> <!-- f -->
      </class> <!-- test.selenium.Amazontest -->
    </test> <!-- Test -->
  </suite> <!-- Suite -->
</testng-results>
