<?xml version="1.0" encoding="UTF-8"?>
<testng-results skipped="0" failed="0" ignored="0" total="1" passed="1">
  <reporter-output>
  </reporter-output>
  <suite name="Suite" duration-ms="30293" started-at="2017-11-04T18:39:00Z" finished-at="2017-11-04T18:39:31Z">
    <groups>
    </groups>
    <test name="Test" duration-ms="30293" started-at="2017-11-04T18:39:00Z" finished-at="2017-11-04T18:39:31Z">
      <class name="test.selenium.Amazontest">
        <test-method status="PASS" signature="f()[pri:0, instance:test.selenium.Amazontest@68c4039c]" name="f" duration-ms="30251" started-at="2017-11-05T00:09:00Z" finished-at="2017-11-05T00:09:31Z">
          <reporter-output>
          </reporter-output>
        </test-method> <!-- f -->
      </class> <!-- test.selenium.Amazontest -->
    </test> <!-- Test -->
  </suite> <!-- Suite -->
</testng-results>
